<?xml version="1.0" encoding="UTF-8"?>
<!-- Generated by org.testng.reporters.JUnitXMLReporter -->
<testsuite ignored="0" hostname="LTIN469320" failures="0" tests="4" name="chromeTest" time="33.634" errors="0" timestamp="2025-09-10T12:05:44 IST">
  <testcase classname="miniProjectTestPackage.Testclass" name="searchForBook" time="14.89"/>
  <testcase classname="miniProjectTestPackage.Testclass" name="checkSearchResults" time="0.065"/>
  <testcase classname="miniProjectTestPackage.Testclass" name="sortResults" time="8.173"/>
  <testcase classname="miniProjectTestPackage.Testclass" name="getAndPrintResults" time="0.382"/>
</testsuite> <!-- chromeTest -->
