<?xml version="1.0" encoding="UTF-8"?>
<!-- Generated by org.testng.reporters.JUnitXMLReporter -->
<testsuite ignored="0" hostname="LTIN469320" failures="0" tests="4" name="edgeTest" time="46.782" errors="0" timestamp="2025-09-10T12:05:57 IST">
  <testcase classname="miniProjectTestPackage.Testclass" name="searchForBook" time="26.147"/>
  <testcase classname="miniProjectTestPackage.Testclass" name="checkSearchResults" time="0.454"/>
  <testcase classname="miniProjectTestPackage.Testclass" name="sortResults" time="10.605"/>
  <testcase classname="miniProjectTestPackage.Testclass" name="getAndPrintResults" time="0.579"/>
</testsuite> <!-- edgeTest -->
