<?xml version="1.0" encoding="UTF-8"?>
<testng-results ignored="0" total="8" passed="8" failed="0" skipped="0">
  <reporter-output>
  </reporter-output>
  <suite started-at="2025-09-10T12:05:10 IST" name="Suite" finished-at="2025-09-10T12:05:57 IST" duration-ms="46782">
    <groups>
    </groups>
    <test started-at="2025-09-10T12:05:10 IST" name="chromeTest" finished-at="2025-09-10T12:05:44 IST" duration-ms="33634">
      <class name="miniProjectTestPackage.Testclass">
        <test-method is-config="true" signature="setup(java.lang.String)[pri:0, instance:miniProjectTestPackage.Testclass@5bda8e08]" started-at="2025-09-10T12:05:10 IST" name="setup" finished-at="2025-09-10T12:05:14 IST" duration-ms="4090" status="PASS">
          <params>
            <param index="0">
              <value>
                <![CDATA[chrome]]>
              </value>
            </param>
          </params>
          <reporter-output>
          </reporter-output>
        </test-method> <!-- setup -->
        <test-method signature="searchForBook()[pri:1, instance:miniProjectTestPackage.Testclass@5bda8e08]" started-at="2025-09-10T12:05:14 IST" name="searchForBook" finished-at="2025-09-10T12:05:29 IST" duration-ms="14890" status="PASS">
          <reporter-output>
          </reporter-output>
        </test-method> <!-- searchForBook -->
        <test-method signature="checkSearchResults()[pri:2, instance:miniProjectTestPackage.Testclass@5bda8e08]" started-at="2025-09-10T12:05:29 IST" name="checkSearchResults" finished-at="2025-09-10T12:05:29 IST" duration-ms="65" status="PASS">
          <reporter-output>
          </reporter-output>
        </test-method> <!-- checkSearchResults -->
        <test-method signature="sortResults()[pri:3, instance:miniProjectTestPackage.Testclass@5bda8e08]" started-at="2025-09-10T12:05:29 IST" name="sortResults" finished-at="2025-09-10T12:05:38 IST" duration-ms="8173" status="PASS">
          <reporter-output>
          </reporter-output>
        </test-method> <!-- sortResults -->
        <test-method signature="getAndPrintResults()[pri:4, instance:miniProjectTestPackage.Testclass@5bda8e08]" started-at="2025-09-10T12:05:38 IST" name="getAndPrintResults" finished-at="2025-09-10T12:05:38 IST" duration-ms="382" status="PASS">
          <reporter-output>
          </reporter-output>
        </test-method> <!-- getAndPrintResults -->
        <test-method is-config="true" signature="tearDown()[pri:0, instance:miniProjectTestPackage.Testclass@5bda8e08]" started-at="2025-09-10T12:05:38 IST" name="tearDown" finished-at="2025-09-10T12:05:44 IST" duration-ms="5936" status="PASS">
          <reporter-output>
          </reporter-output>
        </test-method> <!-- tearDown -->
      </class> <!-- miniProjectTestPackage.Testclass -->
    </test> <!-- chromeTest -->
    <test started-at="2025-09-10T12:05:10 IST" name="edgeTest" finished-at="2025-09-10T12:05:57 IST" duration-ms="46782">
      <class name="miniProjectTestPackage.Testclass">
        <test-method is-config="true" signature="setup(java.lang.String)[pri:0, instance:miniProjectTestPackage.Testclass@3d34d211]" started-at="2025-09-10T12:05:10 IST" name="setup" finished-at="2025-09-10T12:05:14 IST" duration-ms="4087" status="PASS">
          <params>
            <param index="0">
              <value>
                <![CDATA[edge]]>
              </value>
            </param>
          </params>
          <reporter-output>
          </reporter-output>
        </test-method> <!-- setup -->
        <test-method signature="searchForBook()[pri:1, instance:miniProjectTestPackage.Testclass@3d34d211]" started-at="2025-09-10T12:05:14 IST" name="searchForBook" finished-at="2025-09-10T12:05:41 IST" duration-ms="26147" status="PASS">
          <reporter-output>
          </reporter-output>
        </test-method> <!-- searchForBook -->
        <test-method signature="checkSearchResults()[pri:2, instance:miniProjectTestPackage.Testclass@3d34d211]" started-at="2025-09-10T12:05:41 IST" name="checkSearchResults" finished-at="2025-09-10T12:05:41 IST" duration-ms="454" status="PASS">
          <reporter-output>
          </reporter-output>
        </test-method> <!-- checkSearchResults -->
        <test-method signature="sortResults()[pri:3, instance:miniProjectTestPackage.Testclass@3d34d211]" started-at="2025-09-10T12:05:41 IST" name="sortResults" finished-at="2025-09-10T12:05:52 IST" duration-ms="10605" status="PASS">
          <reporter-output>
          </reporter-output>
        </test-method> <!-- sortResults -->
        <test-method signature="getAndPrintResults()[pri:4, instance:miniProjectTestPackage.Testclass@3d34d211]" started-at="2025-09-10T12:05:52 IST" name="getAndPrintResults" finished-at="2025-09-10T12:05:52 IST" duration-ms="579" status="PASS">
          <reporter-output>
          </reporter-output>
        </test-method> <!-- getAndPrintResults -->
        <test-method is-config="true" signature="tearDown()[pri:0, instance:miniProjectTestPackage.Testclass@3d34d211]" started-at="2025-09-10T12:05:52 IST" name="tearDown" finished-at="2025-09-10T12:05:57 IST" duration-ms="4818" status="PASS">
          <reporter-output>
          </reporter-output>
        </test-method> <!-- tearDown -->
      </class> <!-- miniProjectTestPackage.Testclass -->
    </test> <!-- edgeTest -->
  </suite> <!-- Suite -->
</testng-results>
