<?xml version="1.0" encoding="UTF-8"?>
<!-- Generated by org.testng.reporters.JUnitReportReporter -->
<testsuite hostname="LTIN469320" failures="0" tests="8" name="miniProjectTestPackage.Testclass" time="61.295" errors="0" timestamp="2025-09-10T12:05:57 IST" skipped="0">
  <testcase classname="miniProjectTestPackage.Testclass" name="searchForBook" time="14.890"/>
  <testcase classname="miniProjectTestPackage.Testclass" name="searchForBook" time="26.147"/>
  <testcase classname="miniProjectTestPackage.Testclass" name="checkSearchResults" time="0.065"/>
  <testcase classname="miniProjectTestPackage.Testclass" name="checkSearchResults" time="0.454"/>
  <testcase classname="miniProjectTestPackage.Testclass" name="sortResults" time="10.605"/>
  <testcase classname="miniProjectTestPackage.Testclass" name="sortResults" time="8.173"/>
  <testcase classname="miniProjectTestPackage.Testclass" name="getAndPrintResults" time="0.382"/>
  <testcase classname="miniProjectTestPackage.Testclass" name="getAndPrintResults" time="0.579"/>
</testsuite> <!-- miniProjectTestPackage.Testclass -->
